Starting batch execution of test scripts...
--------------------------------------------------
Executing test for: AnimeGANv3_01
Script path: /data/data/agent_test_codebase/GitTaskBench/eval_automation/test_scripts/AnimeGANv3_01/run_test.sh
Working directory: /data/data/agent_test_codebase/GitTaskBench/eval_automation/test_scripts/AnimeGANv3_01
Execution successful for: AnimeGANv3_01
--------------------------------------------------

--------------------------------------------------
Executing test for: AnimeGANv3_02
Script path: /data/data/agent_test_codebase/GitTaskBench/eval_automation/test_scripts/AnimeGANv3_02/run_test.sh
Working directory: /data/data/agent_test_codebase/GitTaskBench/eval_automation/test_scripts/AnimeGANv3_02
Execution FAILED for: AnimeGANv3_02 (Exit Code: 126)
--------------------------------------------------

--------------------------------------------------
Executing test for: AnimeGANv3_03
Script path: /data/data/agent_test_codebase/GitTaskBench/eval_automation/test_scripts/AnimeGANv3_03/run_test.sh
Working directory: /data/data/agent_test_codebase/GitTaskBench/eval_automation/test_scripts/AnimeGANv3_03
Execution FAILED for: AnimeGANv3_03 (Exit Code: 126)
--------------------------------------------------

--------------------------------------------------
Executing test for: DeOldify_01
Script path: /data/data/agent_test_codebase/GitTaskBench/eval_automation/test_scripts/DeOldify_01/run_test.sh
Working directory: /data/data/agent_test_codebase/GitTaskBench/eval_automation/test_scripts/DeOldify_01
Execution FAILED for: DeOldify_01 (Exit Code: 1)
--------------------------------------------------

--------------------------------------------------
Executing test for: DeOldify_02
Script path: /data/data/agent_test_codebase/GitTaskBench/eval_automation/test_scripts/DeOldify_02/run_test.sh
Working directory: /data/data/agent_test_codebase/GitTaskBench/eval_automation/test_scripts/DeOldify_02
Execution successful for: DeOldify_02
--------------------------------------------------

--------------------------------------------------
Executing test for: DeOldify_03
Script path: /data/data/agent_test_codebase/GitTaskBench/eval_automation/test_scripts/DeOldify_03/run_test.sh
Working directory: /data/data/agent_test_codebase/GitTaskBench/eval_automation/test_scripts/DeOldify_03
Execution successful for: DeOldify_03
--------------------------------------------------

--------------------------------------------------
Executing test for: DeScratch_01
Script path: /data/data/agent_test_codebase/GitTaskBench/eval_automation/test_scripts/DeScratch_01/run_test.sh
Working directory: /data/data/agent_test_codebase/GitTaskBench/eval_automation/test_scripts/DeScratch_01
Execution successful for: DeScratch_01
--------------------------------------------------

--------------------------------------------------
Executing test for: DeScratch_02
Script path: /data/data/agent_test_codebase/GitTaskBench/eval_automation/test_scripts/DeScratch_02/run_test.sh
Working directory: /data/data/agent_test_codebase/GitTaskBench/eval_automation/test_scripts/DeScratch_02
Execution FAILED for: DeScratch_02 (Exit Code: 126)
--------------------------------------------------

--------------------------------------------------
Executing test for: DeScratch_03
Script path: /data/data/agent_test_codebase/GitTaskBench/eval_automation/test_scripts/DeScratch_03/run_test.sh
Working directory: /data/data/agent_test_codebase/GitTaskBench/eval_automation/test_scripts/DeScratch_03
Execution FAILED for: DeScratch_03 (Exit Code: 126)
--------------------------------------------------

--------------------------------------------------
Executing test for: Eparse_01
Script path: /data/data/agent_test_codebase/GitTaskBench/eval_automation/test_scripts/Eparse_01/run_test.sh
Working directory: /data/data/agent_test_codebase/GitTaskBench/eval_automation/test_scripts/Eparse_01
Execution successful for: Eparse_01
--------------------------------------------------

--------------------------------------------------
Executing test for: Eparse_02
Script path: /data/data/agent_test_codebase/GitTaskBench/eval_automation/test_scripts/Eparse_02/run_test.sh
Working directory: /data/data/agent_test_codebase/GitTaskBench/eval_automation/test_scripts/Eparse_02
Execution FAILED for: Eparse_02 (Exit Code: 1)
--------------------------------------------------

--------------------------------------------------
Executing test for: Eparse_03
Script path: /data/data/agent_test_codebase/GitTaskBench/eval_automation/test_scripts/Eparse_03/run_test.sh
Working directory: /data/data/agent_test_codebase/GitTaskBench/eval_automation/test_scripts/Eparse_03
Execution successful for: Eparse_03
--------------------------------------------------

--------------------------------------------------
Executing test for: Faker_01
Script path: /data/data/agent_test_codebase/GitTaskBench/eval_automation/test_scripts/Faker_01/run_test.sh
Working directory: /data/data/agent_test_codebase/GitTaskBench/eval_automation/test_scripts/Faker_01
Execution FAILED for: Faker_01 (Exit Code: 1)
--------------------------------------------------

--------------------------------------------------
Executing test for: Faker_02
Script path: /data/data/agent_test_codebase/GitTaskBench/eval_automation/test_scripts/Faker_02/run_test.sh
Working directory: /data/data/agent_test_codebase/GitTaskBench/eval_automation/test_scripts/Faker_02
Execution successful for: Faker_02
--------------------------------------------------

--------------------------------------------------
Executing test for: Faker_03
Script path: /data/data/agent_test_codebase/GitTaskBench/eval_automation/test_scripts/Faker_03/run_test.sh
Working directory: /data/data/agent_test_codebase/GitTaskBench/eval_automation/test_scripts/Faker_03
Execution successful for: Faker_03
--------------------------------------------------

--------------------------------------------------
Executing test for: FunASR_01
Script path: /data/data/agent_test_codebase/GitTaskBench/eval_automation/test_scripts/FunASR_01/run_test.sh
Working directory: /data/data/agent_test_codebase/GitTaskBench/eval_automation/test_scripts/FunASR_01
Execution successful for: FunASR_01
--------------------------------------------------

--------------------------------------------------
Executing test for: FunASR_02
Script path: /data/data/agent_test_codebase/GitTaskBench/eval_automation/test_scripts/FunASR_02/run_test.sh
Working directory: /data/data/agent_test_codebase/GitTaskBench/eval_automation/test_scripts/FunASR_02
Execution FAILED for: FunASR_02 (Exit Code: 1)
--------------------------------------------------

--------------------------------------------------
Executing test for: FunASR_03
Script path: /data/data/agent_test_codebase/GitTaskBench/eval_automation/test_scripts/FunASR_03/run_test.sh
Working directory: /data/data/agent_test_codebase/GitTaskBench/eval_automation/test_scripts/FunASR_03
Execution FAILED for: FunASR_03 (Exit Code: 126)
--------------------------------------------------

--------------------------------------------------
Executing test for: InvisibleWatermark_01
Script path: /data/data/agent_test_codebase/GitTaskBench/eval_automation/test_scripts/InvisibleWatermark_01/run_test.sh
Working directory: /data/data/agent_test_codebase/GitTaskBench/eval_automation/test_scripts/InvisibleWatermark_01
Execution successful for: InvisibleWatermark_01
--------------------------------------------------

--------------------------------------------------
Executing test for: InvisibleWatermark_02
Script path: /data/data/agent_test_codebase/GitTaskBench/eval_automation/test_scripts/InvisibleWatermark_02/run_test.sh
Working directory: /data/data/agent_test_codebase/GitTaskBench/eval_automation/test_scripts/InvisibleWatermark_02
Execution FAILED for: InvisibleWatermark_02 (Exit Code: 1)
--------------------------------------------------

--------------------------------------------------
Executing test for: InvisibleWatermark_03
Script path: /data/data/agent_test_codebase/GitTaskBench/eval_automation/test_scripts/InvisibleWatermark_03/run_test.sh
Working directory: /data/data/agent_test_codebase/GitTaskBench/eval_automation/test_scripts/InvisibleWatermark_03
Execution successful for: InvisibleWatermark_03
--------------------------------------------------

--------------------------------------------------
Executing test for: NeuroKit_01
Script path: /data/data/agent_test_codebase/GitTaskBench/eval_automation/test_scripts/NeuroKit_01/run_test.sh
Working directory: /data/data/agent_test_codebase/GitTaskBench/eval_automation/test_scripts/NeuroKit_01
Execution successful for: NeuroKit_01
--------------------------------------------------

--------------------------------------------------
Executing test for: NeuroKit_02
Script path: /data/data/agent_test_codebase/GitTaskBench/eval_automation/test_scripts/NeuroKit_02/run_test.sh
Working directory: /data/data/agent_test_codebase/GitTaskBench/eval_automation/test_scripts/NeuroKit_02
Execution successful for: NeuroKit_02
--------------------------------------------------

--------------------------------------------------
Executing test for: NeuroKit_03
Script path: /data/data/agent_test_codebase/GitTaskBench/eval_automation/test_scripts/NeuroKit_03/run_test.sh
Working directory: /data/data/agent_test_codebase/GitTaskBench/eval_automation/test_scripts/NeuroKit_03
Execution FAILED for: NeuroKit_03 (Exit Code: 126)
--------------------------------------------------

--------------------------------------------------
Executing test for: PDFPlumber_01
Script path: /data/data/agent_test_codebase/GitTaskBench/eval_automation/test_scripts/PDFPlumber_01/run_test.sh
Working directory: /data/data/agent_test_codebase/GitTaskBench/eval_automation/test_scripts/PDFPlumber_01
Execution successful for: PDFPlumber_01
--------------------------------------------------

--------------------------------------------------
Executing test for: PDFPlumber_02
Script path: /data/data/agent_test_codebase/GitTaskBench/eval_automation/test_scripts/PDFPlumber_02/run_test.sh
Working directory: /data/data/agent_test_codebase/GitTaskBench/eval_automation/test_scripts/PDFPlumber_02
Execution FAILED for: PDFPlumber_02 (Exit Code: 1)
--------------------------------------------------

--------------------------------------------------
Executing test for: PDFPlumber_03
Script path: /data/data/agent_test_codebase/GitTaskBench/eval_automation/test_scripts/PDFPlumber_03/run_test.sh
Working directory: /data/data/agent_test_codebase/GitTaskBench/eval_automation/test_scripts/PDFPlumber_03
Execution successful for: PDFPlumber_03
--------------------------------------------------

--------------------------------------------------
Executing test for: PyPDF2_01
Script path: /data/data/agent_test_codebase/GitTaskBench/eval_automation/test_scripts/PyPDF2_01/run_test.sh
Working directory: /data/data/agent_test_codebase/GitTaskBench/eval_automation/test_scripts/PyPDF2_01
Execution successful for: PyPDF2_01
--------------------------------------------------

--------------------------------------------------
Executing test for: PyPDF2_02
Script path: /data/data/agent_test_codebase/GitTaskBench/eval_automation/test_scripts/PyPDF2_02/run_test.sh
Working directory: /data/data/agent_test_codebase/GitTaskBench/eval_automation/test_scripts/PyPDF2_02
Execution successful for: PyPDF2_02
--------------------------------------------------

--------------------------------------------------
Executing test for: PyPDF2_03
Script path: /data/data/agent_test_codebase/GitTaskBench/eval_automation/test_scripts/PyPDF2_03/run_test.sh
Working directory: /data/data/agent_test_codebase/GitTaskBench/eval_automation/test_scripts/PyPDF2_03
Execution successful for: PyPDF2_03
--------------------------------------------------

--------------------------------------------------
Executing test for: Scrapy_01
Script path: /data/data/agent_test_codebase/GitTaskBench/eval_automation/test_scripts/Scrapy_01/run_test.sh
Working directory: /data/data/agent_test_codebase/GitTaskBench/eval_automation/test_scripts/Scrapy_01
Execution FAILED for: Scrapy_01 (Exit Code: 1)
--------------------------------------------------

--------------------------------------------------
Executing test for: Scrapy_02
Script path: /data/data/agent_test_codebase/GitTaskBench/eval_automation/test_scripts/Scrapy_02/run_test.sh
Working directory: /data/data/agent_test_codebase/GitTaskBench/eval_automation/test_scripts/Scrapy_02
Execution FAILED for: Scrapy_02 (Exit Code: 1)
--------------------------------------------------

--------------------------------------------------
Executing test for: Scrapy_03
Script path: /data/data/agent_test_codebase/GitTaskBench/eval_automation/test_scripts/Scrapy_03/run_test.sh
Working directory: /data/data/agent_test_codebase/GitTaskBench/eval_automation/test_scripts/Scrapy_03
Execution FAILED for: Scrapy_03 (Exit Code: 1)
--------------------------------------------------

--------------------------------------------------
Executing test for: SpeechBrain_01
Script path: /data/data/agent_test_codebase/GitTaskBench/eval_automation/test_scripts/SpeechBrain_01/run_test.sh
Working directory: /data/data/agent_test_codebase/GitTaskBench/eval_automation/test_scripts/SpeechBrain_01
Execution FAILED for: SpeechBrain_01 (Exit Code: 1)
--------------------------------------------------

--------------------------------------------------
Executing test for: SpeechBrain_02
Script path: /data/data/agent_test_codebase/GitTaskBench/eval_automation/test_scripts/SpeechBrain_02/run_test.sh
Working directory: /data/data/agent_test_codebase/GitTaskBench/eval_automation/test_scripts/SpeechBrain_02
Execution FAILED for: SpeechBrain_02 (Exit Code: 1)
--------------------------------------------------

--------------------------------------------------
Executing test for: SpeechBrain_03
Script path: /data/data/agent_test_codebase/GitTaskBench/eval_automation/test_scripts/SpeechBrain_03/run_test.sh
Working directory: /data/data/agent_test_codebase/GitTaskBench/eval_automation/test_scripts/SpeechBrain_03
Execution FAILED for: SpeechBrain_03 (Exit Code: 1)
--------------------------------------------------

--------------------------------------------------
Executing test for: Stegano_01
Script path: /data/data/agent_test_codebase/GitTaskBench/eval_automation/test_scripts/Stegano_01/run_test.sh
Working directory: /data/data/agent_test_codebase/GitTaskBench/eval_automation/test_scripts/Stegano_01
Execution successful for: Stegano_01
--------------------------------------------------

--------------------------------------------------
Executing test for: Stegano_02
Script path: /data/data/agent_test_codebase/GitTaskBench/eval_automation/test_scripts/Stegano_02/run_test.sh
Working directory: /data/data/agent_test_codebase/GitTaskBench/eval_automation/test_scripts/Stegano_02
Execution FAILED for: Stegano_02 (Exit Code: 1)
--------------------------------------------------

--------------------------------------------------
Executing test for: Stegano_03
Script path: /data/data/agent_test_codebase/GitTaskBench/eval_automation/test_scripts/Stegano_03/run_test.sh
Working directory: /data/data/agent_test_codebase/GitTaskBench/eval_automation/test_scripts/Stegano_03
Execution successful for: Stegano_03
--------------------------------------------------

--------------------------------------------------
Executing test for: StyleTransfer_01
Script path: /data/data/agent_test_codebase/GitTaskBench/eval_automation/test_scripts/StyleTransfer_01/run_test.sh
Working directory: /data/data/agent_test_codebase/GitTaskBench/eval_automation/test_scripts/StyleTransfer_01
Execution successful for: StyleTransfer_01
--------------------------------------------------

--------------------------------------------------
Executing test for: StyleTransfer_02
Script path: /data/data/agent_test_codebase/GitTaskBench/eval_automation/test_scripts/StyleTransfer_02/run_test.sh
Working directory: /data/data/agent_test_codebase/GitTaskBench/eval_automation/test_scripts/StyleTransfer_02
Execution FAILED for: StyleTransfer_02 (Exit Code: 126)
--------------------------------------------------

--------------------------------------------------
Executing test for: StyleTransfer_03
Script path: /data/data/agent_test_codebase/GitTaskBench/eval_automation/test_scripts/StyleTransfer_03/run_test.sh
Working directory: /data/data/agent_test_codebase/GitTaskBench/eval_automation/test_scripts/StyleTransfer_03
Execution FAILED for: StyleTransfer_03 (Exit Code: 126)
--------------------------------------------------

--------------------------------------------------
Executing test for: SuperResolution_01
Script path: /data/data/agent_test_codebase/GitTaskBench/eval_automation/test_scripts/SuperResolution_01/run_test.sh
Working directory: /data/data/agent_test_codebase/GitTaskBench/eval_automation/test_scripts/SuperResolution_01
Execution successful for: SuperResolution_01
--------------------------------------------------

--------------------------------------------------
Executing test for: SuperResolution_02
Script path: /data/data/agent_test_codebase/GitTaskBench/eval_automation/test_scripts/SuperResolution_02/run_test.sh
Working directory: /data/data/agent_test_codebase/GitTaskBench/eval_automation/test_scripts/SuperResolution_02
Execution FAILED for: SuperResolution_02 (Exit Code: 126)
--------------------------------------------------

--------------------------------------------------
Executing test for: SuperResolution_03
Script path: /data/data/agent_test_codebase/GitTaskBench/eval_automation/test_scripts/SuperResolution_03/run_test.sh
Working directory: /data/data/agent_test_codebase/GitTaskBench/eval_automation/test_scripts/SuperResolution_03
Execution FAILED for: SuperResolution_03 (Exit Code: 126)
--------------------------------------------------

--------------------------------------------------
Executing test for: Trafilatura_01
Script path: /data/data/agent_test_codebase/GitTaskBench/eval_automation/test_scripts/Trafilatura_01/run_test.sh
Working directory: /data/data/agent_test_codebase/GitTaskBench/eval_automation/test_scripts/Trafilatura_01
Execution FAILED for: Trafilatura_01 (Exit Code: 1)
--------------------------------------------------

--------------------------------------------------
Executing test for: Trafilatura_02
Script path: /data/data/agent_test_codebase/GitTaskBench/eval_automation/test_scripts/Trafilatura_02/run_test.sh
Working directory: /data/data/agent_test_codebase/GitTaskBench/eval_automation/test_scripts/Trafilatura_02
Execution FAILED for: Trafilatura_02 (Exit Code: 1)
--------------------------------------------------

--------------------------------------------------
Executing test for: Trafilatura_03
Script path: /data/data/agent_test_codebase/GitTaskBench/eval_automation/test_scripts/Trafilatura_03/run_test.sh
Working directory: /data/data/agent_test_codebase/GitTaskBench/eval_automation/test_scripts/Trafilatura_03
Execution FAILED for: Trafilatura_03 (Exit Code: 1)
--------------------------------------------------

--------------------------------------------------
Executing test for: TransparentBackground_01
Script path: /data/data/agent_test_codebase/GitTaskBench/eval_automation/test_scripts/TransparentBackground_01/run_test.sh
Working directory: /data/data/agent_test_codebase/GitTaskBench/eval_automation/test_scripts/TransparentBackground_01
Execution successful for: TransparentBackground_01
--------------------------------------------------

--------------------------------------------------
Executing test for: TransparentBackground_02
Script path: /data/data/agent_test_codebase/GitTaskBench/eval_automation/test_scripts/TransparentBackground_02/run_test.sh
Working directory: /data/data/agent_test_codebase/GitTaskBench/eval_automation/test_scripts/TransparentBackground_02
Execution FAILED for: TransparentBackground_02 (Exit Code: 126)
--------------------------------------------------

--------------------------------------------------
Executing test for: TransparentBackground_03
Script path: /data/data/agent_test_codebase/GitTaskBench/eval_automation/test_scripts/TransparentBackground_03/run_test.sh
Working directory: /data/data/agent_test_codebase/GitTaskBench/eval_automation/test_scripts/TransparentBackground_03
Execution FAILED for: TransparentBackground_03 (Exit Code: 126)
--------------------------------------------------

--------------------------------------------------
Executing test for: VideoPose3D_01
Script path: /data/data/agent_test_codebase/GitTaskBench/eval_automation/test_scripts/VideoPose3D_01/run_test.sh
Working directory: /data/data/agent_test_codebase/GitTaskBench/eval_automation/test_scripts/VideoPose3D_01
Execution FAILED for: VideoPose3D_01 (Exit Code: 1)
--------------------------------------------------

--------------------------------------------------
Executing test for: SpeechBrain_04
Script path: /data/data/agent_test_codebase/GitTaskBench/eval_automation/test_scripts/SpeechBrain_04/run_test.sh
Working directory: /data/data/agent_test_codebase/GitTaskBench/eval_automation/test_scripts/SpeechBrain_04
Execution FAILED for: SpeechBrain_04 (Exit Code: 1)
--------------------------------------------------

--------------------------------------------------
Executing test for: SpeechBrain_05
Script path: /data/data/agent_test_codebase/GitTaskBench/eval_automation/test_scripts/SpeechBrain_05/run_test.sh
Working directory: /data/data/agent_test_codebase/GitTaskBench/eval_automation/test_scripts/SpeechBrain_05
Execution FAILED for: SpeechBrain_05 (Exit Code: 1)
--------------------------------------------------

Batch execution finished.
==================================================
Generating summary report...
Warning: Not running in a TTY. Rich features might not render correctly.
ℹ Attempting to summarize based on 55 test scripts found in /data/data/agent_test_codebase/GitTaskBench/eval_automation/test_scripts


          Test Execution Summary (Based on Script Exit Codes)           
┏━━━━━━━━━━━━━━━━━━━━━━━━━━━━━━━━━━━━━━━━━━━━━━━━━━━━━━━━━━━━━━┳━━━━━━━┓
┃ Metric                                                       ┃ Value ┃
┡━━━━━━━━━━━━━━━━━━━━━━━━━━━━━━━━━━━━━━━━━━━━━━━━━━━━━━━━━━━━━━╇━━━━━━━┩
│ 🚀 Total Test Scripts Attempted                              │ 55    │
│   ✅ Scripts Execution Successful (Exit Code 0)              │ 23    │
│   ❌ Scripts Execution Failed (Non-zero Exit Code or         │ 32    │
│ Unknown)                                                     │       │
│ --- Content Validation (for successfully executed scripts)   │       │
│ ---                                                          │       │
│     📄 Parsed 'results.jsonl' files                          │ 23    │
│     ✅ Content Validation Passed                             │ 9     │
│     ⚠ Content Validation Failed (or issues with              │ 14    │
│ 'results.jsonl')                                             │       │
└──────────────────────────────────────────────────────────────┴───────┘
              Script Execution Failure Details (from all_tests.log)               
┏━━━━━━━━━━━━━━━━━━━━━━━━━━━━━━━━┳━━━━━━━━━━━━━━━━━━━━━━━━━━━━━━━━━━━━━━━━━━━━━━━┓
┃ Test Name (from script dir)    ┃ Reason                                        ┃
┡━━━━━━━━━━━━━━━━━━━━━━━━━━━━━━━━╇━━━━━━━━━━━━━━━━━━━━━━━━━━━━━━━━━━━━━━━━━━━━━━━┩
│ AnimeGANv3_02                  │ Script execution failed (Exit Code: 126)      │
│ AnimeGANv3_03                  │ Script execution failed (Exit Code: 126)      │
│ DeOldify_01                    │ Script execution failed (Exit Code: 1)        │
│ DeScratch_02                   │ Script execution failed (Exit Code: 126)      │
│ DeScratch_03                   │ Script execution failed (Exit Code: 126)      │
│ Eparse_02                      │ Script execution failed (Exit Code: 1)        │
│ Faker_01                       │ Script execution failed (Exit Code: 1)        │
│ FunASR_02                      │ Script execution failed (Exit Code: 1)        │
│ FunASR_03                      │ Script execution failed (Exit Code: 126)      │
│ InvisibleWatermark_02          │ Script execution failed (Exit Code: 1)        │
│ LayoutFlow_01                  │ Execution status not found in log or unknown. │
│ NeuroKit_03                    │ Script execution failed (Exit Code: 126)      │
│ PDFPlumber_02                  │ Script execution failed (Exit Code: 1)        │
│ Scrapy_01                      │ Script execution failed (Exit Code: 1)        │
│ Scrapy_02                      │ Script execution failed (Exit Code: 1)        │
│ Scrapy_03                      │ Script execution failed (Exit Code: 1)        │
│ SpeechBrain_01                 │ Script execution failed (Exit Code: 1)        │
│ SpeechBrain_02                 │ Script execution failed (Exit Code: 1)        │
│ SpeechBrain_03                 │ Script execution failed (Exit Code: 1)        │
│ SpeechBrain_04                 │ Script execution failed (Exit Code: 1)        │
│ SpeechBrain_05                 │ Script execution failed (Exit Code: 1)        │
│ Stegano_02                     │ Script execution failed (Exit Code: 1)        │
│ StyleTransfer_02               │ Script execution failed (Exit Code: 126)      │
│ StyleTransfer_03               │ Script execution failed (Exit Code: 126)      │
│ SuperResolution_02             │ Script execution failed (Exit Code: 126)      │
│ SuperResolution_03             │ Script execution failed (Exit Code: 126)      │
│ Trafilatura_01                 │ Script execution failed (Exit Code: 1)        │
│ Trafilatura_02                 │ Script execution failed (Exit Code: 1)        │
│ Trafilatura_03                 │ Script execution failed (Exit Code: 1)        │
│ TransparentBackground_02       │ Script execution failed (Exit Code: 126)      │
│ TransparentBackground_03       │ Script execution failed (Exit Code: 126)      │
│ VideoPose3D_01                 │ Script execution failed (Exit Code: 1)        │
└────────────────────────────────┴───────────────────────────────────────────────┘
                                                                                                   Content Validation Failure Details (for successfully executed scripts)                                                                                                   
┏━━━━━━━━━━━━━━━━━━━━━━━━━━━━━━━━┳━━━━━━━━━━━━━━━━━━━━━━━━━━━━━━━━━━━━━━━━━━━━━━━━━━━━━━━━━━━━━━━━━━━━━━━━━━━━━━━━━━━━━━━━━━━━━━━━━━━━━━━━━━━━━━━━━━━━━━━━━━━━━━━━━━━━━━━━━━━━━━━━━━━━━━━━━━━━━━━━━━━━━━━━━━━━━━━━━━━━━━━━━━━━━━━━━━━━━━━━━━━━━━━━━━━━━━━━━━━━━━━━━━━━━━━━━┓
┃ Test Name                      ┃ Reason (from results.jsonl or file issue)                                                                                                                                                                                               ┃
┡━━━━━━━━━━━━━━━━━━━━━━━━━━━━━━━━╇━━━━━━━━━━━━━━━━━━━━━━━━━━━━━━━━━━━━━━━━━━━━━━━━━━━━━━━━━━━━━━━━━━━━━━━━━━━━━━━━━━━━━━━━━━━━━━━━━━━━━━━━━━━━━━━━━━━━━━━━━━━━━━━━━━━━━━━━━━━━━━━━━━━━━━━━━━━━━━━━━━━━━━━━━━━━━━━━━━━━━━━━━━━━━━━━━━━━━━━━━━━━━━━━━━━━━━━━━━━━━━━━━━━━━━━━━┩
│ DeOldify_02                    │ 指标计算时发生异常：[Errno 2] No such file or directory: 'basicsr/metrics/niqe_pris_params.npz'                                                                                                                                         │
│ DeScratch_01                   │ JSON indicates not processed. 文件不存在：/data/data/agent_test_codebase/GitTaskBench/eval_automation/output/DeScratch_01/mask/output*                                                                                                  │
│ Eparse_01                      │ 文本相似度=0.0000 (阈值=0.8)                                                                                                                                                                                                            │
│ Eparse_03                      │ ✅ 相似度计算完成: 0.0068                                                                                                                                                                                                               │
│ InvisibleWatermark_01          │ No comments available.                                                                                                                                                                                                                  │
│ InvisibleWatermark_03          │ JSON indicates not processed. No comments available.                                                                                                                                                                                    │
│ NeuroKit_01                    │ JSON indicates not processed. 错误：找不到HRV结果文件。错误：找不到处理后的ECG数据。错误：找不到HRV统计摘要。                                                                                                                           │
│ NeuroKit_02                    │ JSON indicates not processed. 错误：找不到SCR特征文件。错误：找不到EDA指标文件。错误：找不到处理后的EDA数据。错误：找不到EDA统计摘要。                                                                                                  │
│ PDFPlumber_01                  │                                                                                                                                                                                                                                         │
│ PyPDF2_02                      │ ❌ 有 18 页未达到准确率要求                                                                                                                                                                                                             │
│                                │ ❌ output_02.pdf 内容准确率仅 0.41%                                                                                                                                                                                                     │
│                                │ ❌ output_03.pdf 内容准确率仅 13.99%                                                                                                                                                                                                    │
│                                │ ❌ output_04.pdf 内容准确率仅 4.85%                                                                                                                                                                                                     │
│                                │ ❌ output_05.pdf 内容准确率仅 4.32%                                                                                                                                                                                                     │
│                                │ ❌ output_06.pdf 内容准确率仅 5.27%                                                                                                                                                                                                     │
│                                │ ❌ output_07.pdf 内容准确率仅 9.05%                                                                                                                                                                                                     │
│                                │ ❌ output_08.pdf 内容准确率仅 8.60%                                                                                                                                                                                                     │
│                                │ ❌ output_09.pdf 内容准确率仅 6.47%                                                                                                                                                                                                     │
│                                │ ❌ output_10.pdf 内容准确率仅 7.49%                                                                                                                                                                                                     │
│                                │ ❌ output_11.pdf 内容准确率仅 10.41%                                                                                                                                                                                                    │
│                                │ ❌ output_12.pdf 内容准确率仅 2.86%                                                                                                                                                                                                     │
│                                │ ❌ output_13.pdf 内容准确率仅 10.34%                                                                                                                                                                                                    │
│                                │ ❌ output_14.pdf 内容准确率仅 3.96%                                                                                                                                                                                                     │
│                                │ ❌ output_15.pdf 内容准确率仅 31.70%                                                                                                                                                                                                    │
│                                │ ❌ output_16.pdf 内容准确率仅 5.47%                                                                                                                                                                                                     │
│                                │ ❌ output_17.pdf 内容准确率仅 9.39%                                                                                                                                                                                                     │
│                                │ ❌ output_18.pdf 内容准确率仅 29.26%                                                                                                                                                                                                    │
│                                │ ❌ output_19.pdf 内容准确率仅 66.67%                                                                                                                                                                                                    │
│ PyPDF2_03                      │ ❌ 字段 /CreationDate 不匹配：预测是 None，正确是 D:20061207105020Z00'00' ❌ 字段 /ModDate 不匹配：预测是 None，正确是 D:20061211095545-05'00' ❌ 字段 /Producer 不匹配：预测是 None，正确是 APStripFiles 1.8 Linux 7 SPDF_1082 Mar 26  │
│                                │ 2003 ❌ 字段 /Title 不匹配：预测是 None，正确是 88300 162..177 ❌ 字段 /Creator 不匹配：预测是 None，正确是 3B2 Total Publishing System 7.51a/W ❌ 字段 /Changes 不匹配：预测是 None，正确是 [IndirectObject(78, 0, 139730316163312),   │
│                                │ IndirectObject(77, 0, 139730316163312)] ❌ 字段 /SPDF 不匹配：预测是 None，正确是 1082 🎯 字段级准确率: 0.00% ❌ 测试未通过                                                                                                             │
│ Stegano_01                     │ JSON indicates not processed. ❌ 执行过程中发生异常: Impossible to detect message.                                                                                                                                                      │
│ StyleTransfer_01               │ LPIPS=0.7652 (>= 0.5 → OK); HI=0.2775 (>= 0.7 → FAIL)                                                                                                                                                                                   │
│ TransparentBackground_01       │ 原图色彩丰富度: 71.40, 结果图色彩丰富度: 71.40, 差值: 0.00, 阈值: 20.0                                                                                                                                                                  │
└────────────────────────────────┴─────────────────────────────────────────────────────────────────────────────────────────────────────────────────────────────────────────────────────────────────────────────────────────────────────────────────────────────────────────┘
💾 Plain text summary report saved to: /data/data/agent_test_codebase/GitTaskBench/eval_automation/summary_report.txt
Script finished.
