Starting batch execution of test scripts...
--------------------------------------------------
Executing test for: AnimeGANv3_01
Script path: /data/data/agent_test_codebase/GitTaskBench/eval_automation/test_scripts/AnimeGANv3_01/run_test.sh
Working directory: /data/data/agent_test_codebase/GitTaskBench/eval_automation/test_scripts/AnimeGANv3_01
Execution successful for: AnimeGANv3_01
--------------------------------------------------

--------------------------------------------------
Executing test for: AnimeGANv3_02
Script path: /data/data/agent_test_codebase/GitTaskBench/eval_automation/test_scripts/AnimeGANv3_02/run_test.sh
Working directory: /data/data/agent_test_codebase/GitTaskBench/eval_automation/test_scripts/AnimeGANv3_02
Execution FAILED for: AnimeGANv3_02 (Exit Code: 126)
--------------------------------------------------

--------------------------------------------------
Executing test for: AnimeGANv3_03
Script path: /data/data/agent_test_codebase/GitTaskBench/eval_automation/test_scripts/AnimeGANv3_03/run_test.sh
Working directory: /data/data/agent_test_codebase/GitTaskBench/eval_automation/test_scripts/AnimeGANv3_03
Execution FAILED for: AnimeGANv3_03 (Exit Code: 126)
--------------------------------------------------

--------------------------------------------------
Executing test for: DeOldify_01
Script path: /data/data/agent_test_codebase/GitTaskBench/eval_automation/test_scripts/DeOldify_01/run_test.sh
Working directory: /data/data/agent_test_codebase/GitTaskBench/eval_automation/test_scripts/DeOldify_01
Execution FAILED for: DeOldify_01 (Exit Code: 1)
--------------------------------------------------

--------------------------------------------------
Executing test for: DeOldify_02
Script path: /data/data/agent_test_codebase/GitTaskBench/eval_automation/test_scripts/DeOldify_02/run_test.sh
Working directory: /data/data/agent_test_codebase/GitTaskBench/eval_automation/test_scripts/DeOldify_02
Execution successful for: DeOldify_02
--------------------------------------------------

--------------------------------------------------
Executing test for: DeOldify_03
Script path: /data/data/agent_test_codebase/GitTaskBench/eval_automation/test_scripts/DeOldify_03/run_test.sh
Working directory: /data/data/agent_test_codebase/GitTaskBench/eval_automation/test_scripts/DeOldify_03
Execution successful for: DeOldify_03
--------------------------------------------------

--------------------------------------------------
Executing test for: DeScratch_01
Script path: /data/data/agent_test_codebase/GitTaskBench/eval_automation/test_scripts/DeScratch_01/run_test.sh
Working directory: /data/data/agent_test_codebase/GitTaskBench/eval_automation/test_scripts/DeScratch_01
Execution successful for: DeScratch_01
--------------------------------------------------

--------------------------------------------------
Executing test for: DeScratch_02
Script path: /data/data/agent_test_codebase/GitTaskBench/eval_automation/test_scripts/DeScratch_02/run_test.sh
Working directory: /data/data/agent_test_codebase/GitTaskBench/eval_automation/test_scripts/DeScratch_02
Execution FAILED for: DeScratch_02 (Exit Code: 126)
--------------------------------------------------

--------------------------------------------------
Executing test for: DeScratch_03
Script path: /data/data/agent_test_codebase/GitTaskBench/eval_automation/test_scripts/DeScratch_03/run_test.sh
Working directory: /data/data/agent_test_codebase/GitTaskBench/eval_automation/test_scripts/DeScratch_03
Execution FAILED for: DeScratch_03 (Exit Code: 126)
--------------------------------------------------

--------------------------------------------------
Executing test for: Eparse_01
Script path: /data/data/agent_test_codebase/GitTaskBench/eval_automation/test_scripts/Eparse_01/run_test.sh
Working directory: /data/data/agent_test_codebase/GitTaskBench/eval_automation/test_scripts/Eparse_01
Execution successful for: Eparse_01
--------------------------------------------------

--------------------------------------------------
Executing test for: Eparse_02
Script path: /data/data/agent_test_codebase/GitTaskBench/eval_automation/test_scripts/Eparse_02/run_test.sh
Working directory: /data/data/agent_test_codebase/GitTaskBench/eval_automation/test_scripts/Eparse_02
Execution FAILED for: Eparse_02 (Exit Code: 1)
--------------------------------------------------

--------------------------------------------------
Executing test for: Eparse_03
Script path: /data/data/agent_test_codebase/GitTaskBench/eval_automation/test_scripts/Eparse_03/run_test.sh
Working directory: /data/data/agent_test_codebase/GitTaskBench/eval_automation/test_scripts/Eparse_03
Execution successful for: Eparse_03
--------------------------------------------------

--------------------------------------------------
Executing test for: Faker_01
Script path: /data/data/agent_test_codebase/GitTaskBench/eval_automation/test_scripts/Faker_01/run_test.sh
Working directory: /data/data/agent_test_codebase/GitTaskBench/eval_automation/test_scripts/Faker_01
Execution FAILED for: Faker_01 (Exit Code: 1)
--------------------------------------------------

--------------------------------------------------
Executing test for: Faker_02
Script path: /data/data/agent_test_codebase/GitTaskBench/eval_automation/test_scripts/Faker_02/run_test.sh
Working directory: /data/data/agent_test_codebase/GitTaskBench/eval_automation/test_scripts/Faker_02
Execution successful for: Faker_02
--------------------------------------------------

--------------------------------------------------
Executing test for: Faker_03
Script path: /data/data/agent_test_codebase/GitTaskBench/eval_automation/test_scripts/Faker_03/run_test.sh
Working directory: /data/data/agent_test_codebase/GitTaskBench/eval_automation/test_scripts/Faker_03
Execution successful for: Faker_03
--------------------------------------------------

--------------------------------------------------
Executing test for: FunASR_01
Script path: /data/data/agent_test_codebase/GitTaskBench/eval_automation/test_scripts/FunASR_01/run_test.sh
Working directory: /data/data/agent_test_codebase/GitTaskBench/eval_automation/test_scripts/FunASR_01
Execution successful for: FunASR_01
--------------------------------------------------

--------------------------------------------------
Executing test for: FunASR_02
Script path: /data/data/agent_test_codebase/GitTaskBench/eval_automation/test_scripts/FunASR_02/run_test.sh
Working directory: /data/data/agent_test_codebase/GitTaskBench/eval_automation/test_scripts/FunASR_02
Execution FAILED for: FunASR_02 (Exit Code: 1)
--------------------------------------------------

--------------------------------------------------
Executing test for: FunASR_03
Script path: /data/data/agent_test_codebase/GitTaskBench/eval_automation/test_scripts/FunASR_03/run_test.sh
Working directory: /data/data/agent_test_codebase/GitTaskBench/eval_automation/test_scripts/FunASR_03
Execution FAILED for: FunASR_03 (Exit Code: 126)
--------------------------------------------------

--------------------------------------------------
Executing test for: InvisibleWatermark_01
Script path: /data/data/agent_test_codebase/GitTaskBench/eval_automation/test_scripts/InvisibleWatermark_01/run_test.sh
Working directory: /data/data/agent_test_codebase/GitTaskBench/eval_automation/test_scripts/InvisibleWatermark_01
Execution successful for: InvisibleWatermark_01
--------------------------------------------------

--------------------------------------------------
Executing test for: InvisibleWatermark_02
Script path: /data/data/agent_test_codebase/GitTaskBench/eval_automation/test_scripts/InvisibleWatermark_02/run_test.sh
Working directory: /data/data/agent_test_codebase/GitTaskBench/eval_automation/test_scripts/InvisibleWatermark_02
Execution FAILED for: InvisibleWatermark_02 (Exit Code: 1)
--------------------------------------------------

--------------------------------------------------
Executing test for: InvisibleWatermark_03
Script path: /data/data/agent_test_codebase/GitTaskBench/eval_automation/test_scripts/InvisibleWatermark_03/run_test.sh
Working directory: /data/data/agent_test_codebase/GitTaskBench/eval_automation/test_scripts/InvisibleWatermark_03
Execution successful for: InvisibleWatermark_03
--------------------------------------------------

--------------------------------------------------
Executing test for: NeuroKit_01
Script path: /data/data/agent_test_codebase/GitTaskBench/eval_automation/test_scripts/NeuroKit_01/run_test.sh
Working directory: /data/data/agent_test_codebase/GitTaskBench/eval_automation/test_scripts/NeuroKit_01
Execution successful for: NeuroKit_01
--------------------------------------------------

--------------------------------------------------
Executing test for: NeuroKit_02
Script path: /data/data/agent_test_codebase/GitTaskBench/eval_automation/test_scripts/NeuroKit_02/run_test.sh
Working directory: /data/data/agent_test_codebase/GitTaskBench/eval_automation/test_scripts/NeuroKit_02
Execution successful for: NeuroKit_02
--------------------------------------------------

--------------------------------------------------
Executing test for: NeuroKit_03
Script path: /data/data/agent_test_codebase/GitTaskBench/eval_automation/test_scripts/NeuroKit_03/run_test.sh
Working directory: /data/data/agent_test_codebase/GitTaskBench/eval_automation/test_scripts/NeuroKit_03
Execution FAILED for: NeuroKit_03 (Exit Code: 126)
--------------------------------------------------

--------------------------------------------------
Executing test for: PDFPlumber_01
Script path: /data/data/agent_test_codebase/GitTaskBench/eval_automation/test_scripts/PDFPlumber_01/run_test.sh
Working directory: /data/data/agent_test_codebase/GitTaskBench/eval_automation/test_scripts/PDFPlumber_01
Execution successful for: PDFPlumber_01
--------------------------------------------------

--------------------------------------------------
Executing test for: PDFPlumber_02
Script path: /data/data/agent_test_codebase/GitTaskBench/eval_automation/test_scripts/PDFPlumber_02/run_test.sh
Working directory: /data/data/agent_test_codebase/GitTaskBench/eval_automation/test_scripts/PDFPlumber_02
Execution FAILED for: PDFPlumber_02 (Exit Code: 1)
--------------------------------------------------

--------------------------------------------------
Executing test for: PDFPlumber_03
Script path: /data/data/agent_test_codebase/GitTaskBench/eval_automation/test_scripts/PDFPlumber_03/run_test.sh
Working directory: /data/data/agent_test_codebase/GitTaskBench/eval_automation/test_scripts/PDFPlumber_03
Execution successful for: PDFPlumber_03
--------------------------------------------------

--------------------------------------------------
Executing test for: PyPDF2_01
Script path: /data/data/agent_test_codebase/GitTaskBench/eval_automation/test_scripts/PyPDF2_01/run_test.sh
Working directory: /data/data/agent_test_codebase/GitTaskBench/eval_automation/test_scripts/PyPDF2_01
Execution successful for: PyPDF2_01
--------------------------------------------------

--------------------------------------------------
Executing test for: PyPDF2_02
Script path: /data/data/agent_test_codebase/GitTaskBench/eval_automation/test_scripts/PyPDF2_02/run_test.sh
Working directory: /data/data/agent_test_codebase/GitTaskBench/eval_automation/test_scripts/PyPDF2_02
Execution successful for: PyPDF2_02
--------------------------------------------------

--------------------------------------------------
Executing test for: PyPDF2_03
Script path: /data/data/agent_test_codebase/GitTaskBench/eval_automation/test_scripts/PyPDF2_03/run_test.sh
Working directory: /data/data/agent_test_codebase/GitTaskBench/eval_automation/test_scripts/PyPDF2_03
Execution successful for: PyPDF2_03
--------------------------------------------------

--------------------------------------------------
Executing test for: Scrapy_01
Script path: /data/data/agent_test_codebase/GitTaskBench/eval_automation/test_scripts/Scrapy_01/run_test.sh
Working directory: /data/data/agent_test_codebase/GitTaskBench/eval_automation/test_scripts/Scrapy_01
Execution FAILED for: Scrapy_01 (Exit Code: 1)
--------------------------------------------------

--------------------------------------------------
Executing test for: Scrapy_02
Script path: /data/data/agent_test_codebase/GitTaskBench/eval_automation/test_scripts/Scrapy_02/run_test.sh
Working directory: /data/data/agent_test_codebase/GitTaskBench/eval_automation/test_scripts/Scrapy_02
Execution FAILED for: Scrapy_02 (Exit Code: 1)
--------------------------------------------------

--------------------------------------------------
Executing test for: Scrapy_03
Script path: /data/data/agent_test_codebase/GitTaskBench/eval_automation/test_scripts/Scrapy_03/run_test.sh
Working directory: /data/data/agent_test_codebase/GitTaskBench/eval_automation/test_scripts/Scrapy_03
Execution FAILED for: Scrapy_03 (Exit Code: 1)
--------------------------------------------------

--------------------------------------------------
Executing test for: SpeechBrain_01
Script path: /data/data/agent_test_codebase/GitTaskBench/eval_automation/test_scripts/SpeechBrain_01/run_test.sh
Working directory: /data/data/agent_test_codebase/GitTaskBench/eval_automation/test_scripts/SpeechBrain_01
Execution FAILED for: SpeechBrain_01 (Exit Code: 1)
--------------------------------------------------

--------------------------------------------------
Executing test for: SpeechBrain_02
Script path: /data/data/agent_test_codebase/GitTaskBench/eval_automation/test_scripts/SpeechBrain_02/run_test.sh
Working directory: /data/data/agent_test_codebase/GitTaskBench/eval_automation/test_scripts/SpeechBrain_02
Execution FAILED for: SpeechBrain_02 (Exit Code: 1)
--------------------------------------------------

--------------------------------------------------
Executing test for: SpeechBrain_03
Script path: /data/data/agent_test_codebase/GitTaskBench/eval_automation/test_scripts/SpeechBrain_03/run_test.sh
Working directory: /data/data/agent_test_codebase/GitTaskBench/eval_automation/test_scripts/SpeechBrain_03
Execution FAILED for: SpeechBrain_03 (Exit Code: 1)
--------------------------------------------------

--------------------------------------------------
Executing test for: Stegano_01
Script path: /data/data/agent_test_codebase/GitTaskBench/eval_automation/test_scripts/Stegano_01/run_test.sh
Working directory: /data/data/agent_test_codebase/GitTaskBench/eval_automation/test_scripts/Stegano_01
Execution successful for: Stegano_01
--------------------------------------------------

--------------------------------------------------
Executing test for: Stegano_02
Script path: /data/data/agent_test_codebase/GitTaskBench/eval_automation/test_scripts/Stegano_02/run_test.sh
Working directory: /data/data/agent_test_codebase/GitTaskBench/eval_automation/test_scripts/Stegano_02
Execution FAILED for: Stegano_02 (Exit Code: 1)
--------------------------------------------------

--------------------------------------------------
Executing test for: Stegano_03
Script path: /data/data/agent_test_codebase/GitTaskBench/eval_automation/test_scripts/Stegano_03/run_test.sh
Working directory: /data/data/agent_test_codebase/GitTaskBench/eval_automation/test_scripts/Stegano_03
Execution successful for: Stegano_03
--------------------------------------------------

--------------------------------------------------
Executing test for: StyleTransfer_01
Script path: /data/data/agent_test_codebase/GitTaskBench/eval_automation/test_scripts/StyleTransfer_01/run_test.sh
Working directory: /data/data/agent_test_codebase/GitTaskBench/eval_automation/test_scripts/StyleTransfer_01
Execution successful for: StyleTransfer_01
--------------------------------------------------

--------------------------------------------------
Executing test for: StyleTransfer_02
Script path: /data/data/agent_test_codebase/GitTaskBench/eval_automation/test_scripts/StyleTransfer_02/run_test.sh
Working directory: /data/data/agent_test_codebase/GitTaskBench/eval_automation/test_scripts/StyleTransfer_02
Execution FAILED for: StyleTransfer_02 (Exit Code: 126)
--------------------------------------------------

--------------------------------------------------
Executing test for: StyleTransfer_03
Script path: /data/data/agent_test_codebase/GitTaskBench/eval_automation/test_scripts/StyleTransfer_03/run_test.sh
Working directory: /data/data/agent_test_codebase/GitTaskBench/eval_automation/test_scripts/StyleTransfer_03
Execution FAILED for: StyleTransfer_03 (Exit Code: 126)
--------------------------------------------------

--------------------------------------------------
Executing test for: SuperResolution_01
Script path: /data/data/agent_test_codebase/GitTaskBench/eval_automation/test_scripts/SuperResolution_01/run_test.sh
Working directory: /data/data/agent_test_codebase/GitTaskBench/eval_automation/test_scripts/SuperResolution_01
Execution successful for: SuperResolution_01
--------------------------------------------------

--------------------------------------------------
Executing test for: SuperResolution_02
Script path: /data/data/agent_test_codebase/GitTaskBench/eval_automation/test_scripts/SuperResolution_02/run_test.sh
Working directory: /data/data/agent_test_codebase/GitTaskBench/eval_automation/test_scripts/SuperResolution_02
Execution FAILED for: SuperResolution_02 (Exit Code: 126)
--------------------------------------------------

--------------------------------------------------
Executing test for: SuperResolution_03
Script path: /data/data/agent_test_codebase/GitTaskBench/eval_automation/test_scripts/SuperResolution_03/run_test.sh
Working directory: /data/data/agent_test_codebase/GitTaskBench/eval_automation/test_scripts/SuperResolution_03
Execution FAILED for: SuperResolution_03 (Exit Code: 126)
--------------------------------------------------

--------------------------------------------------
Executing test for: Trafilatura_01
Script path: /data/data/agent_test_codebase/GitTaskBench/eval_automation/test_scripts/Trafilatura_01/run_test.sh
Working directory: /data/data/agent_test_codebase/GitTaskBench/eval_automation/test_scripts/Trafilatura_01
Execution FAILED for: Trafilatura_01 (Exit Code: 1)
--------------------------------------------------

--------------------------------------------------
Executing test for: Trafilatura_02
Script path: /data/data/agent_test_codebase/GitTaskBench/eval_automation/test_scripts/Trafilatura_02/run_test.sh
Working directory: /data/data/agent_test_codebase/GitTaskBench/eval_automation/test_scripts/Trafilatura_02
Execution FAILED for: Trafilatura_02 (Exit Code: 1)
--------------------------------------------------

--------------------------------------------------
Executing test for: Trafilatura_03
Script path: /data/data/agent_test_codebase/GitTaskBench/eval_automation/test_scripts/Trafilatura_03/run_test.sh
Working directory: /data/data/agent_test_codebase/GitTaskBench/eval_automation/test_scripts/Trafilatura_03
Execution FAILED for: Trafilatura_03 (Exit Code: 1)
--------------------------------------------------

--------------------------------------------------
Executing test for: TransparentBackground_01
Script path: /data/data/agent_test_codebase/GitTaskBench/eval_automation/test_scripts/TransparentBackground_01/run_test.sh
Working directory: /data/data/agent_test_codebase/GitTaskBench/eval_automation/test_scripts/TransparentBackground_01
Execution successful for: TransparentBackground_01
--------------------------------------------------

--------------------------------------------------
Executing test for: TransparentBackground_02
Script path: /data/data/agent_test_codebase/GitTaskBench/eval_automation/test_scripts/TransparentBackground_02/run_test.sh
Working directory: /data/data/agent_test_codebase/GitTaskBench/eval_automation/test_scripts/TransparentBackground_02
Execution FAILED for: TransparentBackground_02 (Exit Code: 126)
--------------------------------------------------

--------------------------------------------------
Executing test for: TransparentBackground_03
Script path: /data/data/agent_test_codebase/GitTaskBench/eval_automation/test_scripts/TransparentBackground_03/run_test.sh
Working directory: /data/data/agent_test_codebase/GitTaskBench/eval_automation/test_scripts/TransparentBackground_03
Execution FAILED for: TransparentBackground_03 (Exit Code: 126)
--------------------------------------------------

--------------------------------------------------
Executing test for: VideoPose3D_01
Script path: /data/data/agent_test_codebase/GitTaskBench/eval_automation/test_scripts/VideoPose3D_01/run_test.sh
Working directory: /data/data/agent_test_codebase/GitTaskBench/eval_automation/test_scripts/VideoPose3D_01
Execution FAILED for: VideoPose3D_01 (Exit Code: 1)
--------------------------------------------------

--------------------------------------------------
Executing test for: SpeechBrain_04
Script path: /data/data/agent_test_codebase/GitTaskBench/eval_automation/test_scripts/SpeechBrain_04/run_test.sh
Working directory: /data/data/agent_test_codebase/GitTaskBench/eval_automation/test_scripts/SpeechBrain_04
Execution FAILED for: SpeechBrain_04 (Exit Code: 1)
--------------------------------------------------

--------------------------------------------------
Executing test for: SpeechBrain_05
Script path: /data/data/agent_test_codebase/GitTaskBench/eval_automation/test_scripts/SpeechBrain_05/run_test.sh
Working directory: /data/data/agent_test_codebase/GitTaskBench/eval_automation/test_scripts/SpeechBrain_05
Execution FAILED for: SpeechBrain_05 (Exit Code: 1)
--------------------------------------------------

Batch execution finished.
==================================================
Generating summary report...
Warning: Not running in a TTY. Rich features might not render correctly.
â„¹ Attempting to summarize based on 55 test scripts found in /data/data/agent_test_codebase/GitTaskBench/eval_automation/test_scripts


          Test Execution Summary (Based on Script Exit Codes)           
â”â”â”â”â”â”â”â”â”â”â”â”â”â”â”â”â”â”â”â”â”â”â”â”â”â”â”â”â”â”â”â”â”â”â”â”â”â”â”â”â”â”â”â”â”â”â”â”â”â”â”â”â”â”â”â”â”â”â”â”â”â”â”â”³â”â”â”â”â”â”â”â”“
â”ƒ Metric                                                       â”ƒ Value â”ƒ
â”¡â”â”â”â”â”â”â”â”â”â”â”â”â”â”â”â”â”â”â”â”â”â”â”â”â”â”â”â”â”â”â”â”â”â”â”â”â”â”â”â”â”â”â”â”â”â”â”â”â”â”â”â”â”â”â”â”â”â”â”â”â”â”â•‡â”â”â”â”â”â”â”â”©
â”‚ ðŸš€ Total Test Scripts Attempted                              â”‚ 55    â”‚
â”‚   âœ… Scripts Execution Successful (Exit Code 0)              â”‚ 23    â”‚
â”‚   âŒ Scripts Execution Failed (Non-zero Exit Code or         â”‚ 32    â”‚
â”‚ Unknown)                                                     â”‚       â”‚
â”‚ --- Content Validation (for successfully executed scripts)   â”‚       â”‚
â”‚ ---                                                          â”‚       â”‚
â”‚     ðŸ“„ Parsed 'results.jsonl' files                          â”‚ 23    â”‚
â”‚     âœ… Content Validation Passed                             â”‚ 9     â”‚
â”‚     âš  Content Validation Failed (or issues with              â”‚ 14    â”‚
â”‚ 'results.jsonl')                                             â”‚       â”‚
â””â”€â”€â”€â”€â”€â”€â”€â”€â”€â”€â”€â”€â”€â”€â”€â”€â”€â”€â”€â”€â”€â”€â”€â”€â”€â”€â”€â”€â”€â”€â”€â”€â”€â”€â”€â”€â”€â”€â”€â”€â”€â”€â”€â”€â”€â”€â”€â”€â”€â”€â”€â”€â”€â”€â”€â”€â”€â”€â”€â”€â”€â”€â”´â”€â”€â”€â”€â”€â”€â”€â”˜
              Script Execution Failure Details (from all_tests.log)               
â”â”â”â”â”â”â”â”â”â”â”â”â”â”â”â”â”â”â”â”â”â”â”â”â”â”â”â”â”â”â”â”â”â”³â”â”â”â”â”â”â”â”â”â”â”â”â”â”â”â”â”â”â”â”â”â”â”â”â”â”â”â”â”â”â”â”â”â”â”â”â”â”â”â”â”â”â”â”â”â”â”â”“
â”ƒ Test Name (from script dir)    â”ƒ Reason                                        â”ƒ
â”¡â”â”â”â”â”â”â”â”â”â”â”â”â”â”â”â”â”â”â”â”â”â”â”â”â”â”â”â”â”â”â”â”â•‡â”â”â”â”â”â”â”â”â”â”â”â”â”â”â”â”â”â”â”â”â”â”â”â”â”â”â”â”â”â”â”â”â”â”â”â”â”â”â”â”â”â”â”â”â”â”â”â”©
â”‚ AnimeGANv3_02                  â”‚ Script execution failed (Exit Code: 126)      â”‚
â”‚ AnimeGANv3_03                  â”‚ Script execution failed (Exit Code: 126)      â”‚
â”‚ DeOldify_01                    â”‚ Script execution failed (Exit Code: 1)        â”‚
â”‚ DeScratch_02                   â”‚ Script execution failed (Exit Code: 126)      â”‚
â”‚ DeScratch_03                   â”‚ Script execution failed (Exit Code: 126)      â”‚
â”‚ Eparse_02                      â”‚ Script execution failed (Exit Code: 1)        â”‚
â”‚ Faker_01                       â”‚ Script execution failed (Exit Code: 1)        â”‚
â”‚ FunASR_02                      â”‚ Script execution failed (Exit Code: 1)        â”‚
â”‚ FunASR_03                      â”‚ Script execution failed (Exit Code: 126)      â”‚
â”‚ InvisibleWatermark_02          â”‚ Script execution failed (Exit Code: 1)        â”‚
â”‚ LayoutFlow_01                  â”‚ Execution status not found in log or unknown. â”‚
â”‚ NeuroKit_03                    â”‚ Script execution failed (Exit Code: 126)      â”‚
â”‚ PDFPlumber_02                  â”‚ Script execution failed (Exit Code: 1)        â”‚
â”‚ Scrapy_01                      â”‚ Script execution failed (Exit Code: 1)        â”‚
â”‚ Scrapy_02                      â”‚ Script execution failed (Exit Code: 1)        â”‚
â”‚ Scrapy_03                      â”‚ Script execution failed (Exit Code: 1)        â”‚
â”‚ SpeechBrain_01                 â”‚ Script execution failed (Exit Code: 1)        â”‚
â”‚ SpeechBrain_02                 â”‚ Script execution failed (Exit Code: 1)        â”‚
â”‚ SpeechBrain_03                 â”‚ Script execution failed (Exit Code: 1)        â”‚
â”‚ SpeechBrain_04                 â”‚ Script execution failed (Exit Code: 1)        â”‚
â”‚ SpeechBrain_05                 â”‚ Script execution failed (Exit Code: 1)        â”‚
â”‚ Stegano_02                     â”‚ Script execution failed (Exit Code: 1)        â”‚
â”‚ StyleTransfer_02               â”‚ Script execution failed (Exit Code: 126)      â”‚
â”‚ StyleTransfer_03               â”‚ Script execution failed (Exit Code: 126)      â”‚
â”‚ SuperResolution_02             â”‚ Script execution failed (Exit Code: 126)      â”‚
â”‚ SuperResolution_03             â”‚ Script execution failed (Exit Code: 126)      â”‚
â”‚ Trafilatura_01                 â”‚ Script execution failed (Exit Code: 1)        â”‚
â”‚ Trafilatura_02                 â”‚ Script execution failed (Exit Code: 1)        â”‚
â”‚ Trafilatura_03                 â”‚ Script execution failed (Exit Code: 1)        â”‚
â”‚ TransparentBackground_02       â”‚ Script execution failed (Exit Code: 126)      â”‚
â”‚ TransparentBackground_03       â”‚ Script execution failed (Exit Code: 126)      â”‚
â”‚ VideoPose3D_01                 â”‚ Script execution failed (Exit Code: 1)        â”‚
â””â”€â”€â”€â”€â”€â”€â”€â”€â”€â”€â”€â”€â”€â”€â”€â”€â”€â”€â”€â”€â”€â”€â”€â”€â”€â”€â”€â”€â”€â”€â”€â”€â”´â”€â”€â”€â”€â”€â”€â”€â”€â”€â”€â”€â”€â”€â”€â”€â”€â”€â”€â”€â”€â”€â”€â”€â”€â”€â”€â”€â”€â”€â”€â”€â”€â”€â”€â”€â”€â”€â”€â”€â”€â”€â”€â”€â”€â”€â”€â”€â”˜
                                                                                                   Content Validation Failure Details (for successfully executed scripts)                                                                                                   
â”â”â”â”â”â”â”â”â”â”â”â”â”â”â”â”â”â”â”â”â”â”â”â”â”â”â”â”â”â”â”â”â”â”³â”â”â”â”â”â”â”â”â”â”â”â”â”â”â”â”â”â”â”â”â”â”â”â”â”â”â”â”â”â”â”â”â”â”â”â”â”â”â”â”â”â”â”â”â”â”â”â”â”â”â”â”â”â”â”â”â”â”â”â”â”â”â”â”â”â”â”â”â”â”â”â”â”â”â”â”â”â”â”â”â”â”â”â”â”â”â”â”â”â”â”â”â”â”â”â”â”â”â”â”â”â”â”â”â”â”â”â”â”â”â”â”â”â”â”â”â”â”â”â”â”â”â”â”â”â”â”â”â”â”â”â”â”â”â”â”â”â”â”â”â”â”â”â”â”â”â”â”â”â”â”â”â”â”â”â”â”â”â”â”â”â”â”â”â”â”â”â”â”â”â”â”â”â”â”â”â”â”â”â”â”â”â”â”â”â”â”â”â”â”â”â”â”â”â”â”â”â”â”â”â”â”â”â”â”â”â”â”â”â”â”â”â”â”â”â”â”â”â”â”â”â”â”â”â”â”â”â”â”â”â”â”â”â”“
â”ƒ Test Name                      â”ƒ Reason (from results.jsonl or file issue)                                                                                                                                                                                               â”ƒ
â”¡â”â”â”â”â”â”â”â”â”â”â”â”â”â”â”â”â”â”â”â”â”â”â”â”â”â”â”â”â”â”â”â”â•‡â”â”â”â”â”â”â”â”â”â”â”â”â”â”â”â”â”â”â”â”â”â”â”â”â”â”â”â”â”â”â”â”â”â”â”â”â”â”â”â”â”â”â”â”â”â”â”â”â”â”â”â”â”â”â”â”â”â”â”â”â”â”â”â”â”â”â”â”â”â”â”â”â”â”â”â”â”â”â”â”â”â”â”â”â”â”â”â”â”â”â”â”â”â”â”â”â”â”â”â”â”â”â”â”â”â”â”â”â”â”â”â”â”â”â”â”â”â”â”â”â”â”â”â”â”â”â”â”â”â”â”â”â”â”â”â”â”â”â”â”â”â”â”â”â”â”â”â”â”â”â”â”â”â”â”â”â”â”â”â”â”â”â”â”â”â”â”â”â”â”â”â”â”â”â”â”â”â”â”â”â”â”â”â”â”â”â”â”â”â”â”â”â”â”â”â”â”â”â”â”â”â”â”â”â”â”â”â”â”â”â”â”â”â”â”â”â”â”â”â”â”â”â”â”â”â”â”â”â”â”â”â”â”â”©
â”‚ DeOldify_02                    â”‚ æŒ‡æ ‡è®¡ç®—æ—¶å‘ç”Ÿå¼‚å¸¸ï¼š[Errno 2] No such file or directory: 'basicsr/metrics/niqe_pris_params.npz'                                                                                                                                         â”‚
â”‚ DeScratch_01                   â”‚ JSON indicates not processed. æ–‡ä»¶ä¸å­˜åœ¨ï¼š/data/data/agent_test_codebase/GitTaskBench/eval_automation/output/DeScratch_01/mask/output*                                                                                                  â”‚
â”‚ Eparse_01                      â”‚ æ–‡æœ¬ç›¸ä¼¼åº¦=0.0000 (é˜ˆå€¼=0.8)                                                                                                                                                                                                            â”‚
â”‚ Eparse_03                      â”‚ âœ… ç›¸ä¼¼åº¦è®¡ç®—å®Œæˆ: 0.0068                                                                                                                                                                                                               â”‚
â”‚ InvisibleWatermark_01          â”‚ No comments available.                                                                                                                                                                                                                  â”‚
â”‚ InvisibleWatermark_03          â”‚ JSON indicates not processed. No comments available.                                                                                                                                                                                    â”‚
â”‚ NeuroKit_01                    â”‚ JSON indicates not processed. é”™è¯¯ï¼šæ‰¾ä¸åˆ°HRVç»“æžœæ–‡ä»¶ã€‚é”™è¯¯ï¼šæ‰¾ä¸åˆ°å¤„ç†åŽçš„ECGæ•°æ®ã€‚é”™è¯¯ï¼šæ‰¾ä¸åˆ°HRVç»Ÿè®¡æ‘˜è¦ã€‚                                                                                                                           â”‚
â”‚ NeuroKit_02                    â”‚ JSON indicates not processed. é”™è¯¯ï¼šæ‰¾ä¸åˆ°SCRç‰¹å¾æ–‡ä»¶ã€‚é”™è¯¯ï¼šæ‰¾ä¸åˆ°EDAæŒ‡æ ‡æ–‡ä»¶ã€‚é”™è¯¯ï¼šæ‰¾ä¸åˆ°å¤„ç†åŽçš„EDAæ•°æ®ã€‚é”™è¯¯ï¼šæ‰¾ä¸åˆ°EDAç»Ÿè®¡æ‘˜è¦ã€‚                                                                                                  â”‚
â”‚ PDFPlumber_01                  â”‚                                                                                                                                                                                                                                         â”‚
â”‚ PyPDF2_02                      â”‚ âŒ æœ‰ 18 é¡µæœªè¾¾åˆ°å‡†ç¡®çŽ‡è¦æ±‚                                                                                                                                                                                                             â”‚
â”‚                                â”‚ âŒ output_02.pdf å†…å®¹å‡†ç¡®çŽ‡ä»… 0.41%                                                                                                                                                                                                     â”‚
â”‚                                â”‚ âŒ output_03.pdf å†…å®¹å‡†ç¡®çŽ‡ä»… 13.99%                                                                                                                                                                                                    â”‚
â”‚                                â”‚ âŒ output_04.pdf å†…å®¹å‡†ç¡®çŽ‡ä»… 4.85%                                                                                                                                                                                                     â”‚
â”‚                                â”‚ âŒ output_05.pdf å†…å®¹å‡†ç¡®çŽ‡ä»… 4.32%                                                                                                                                                                                                     â”‚
â”‚                                â”‚ âŒ output_06.pdf å†…å®¹å‡†ç¡®çŽ‡ä»… 5.27%                                                                                                                                                                                                     â”‚
â”‚                                â”‚ âŒ output_07.pdf å†…å®¹å‡†ç¡®çŽ‡ä»… 9.05%                                                                                                                                                                                                     â”‚
â”‚                                â”‚ âŒ output_08.pdf å†…å®¹å‡†ç¡®çŽ‡ä»… 8.60%                                                                                                                                                                                                     â”‚
â”‚                                â”‚ âŒ output_09.pdf å†…å®¹å‡†ç¡®çŽ‡ä»… 6.47%                                                                                                                                                                                                     â”‚
â”‚                                â”‚ âŒ output_10.pdf å†…å®¹å‡†ç¡®çŽ‡ä»… 7.49%                                                                                                                                                                                                     â”‚
â”‚                                â”‚ âŒ output_11.pdf å†…å®¹å‡†ç¡®çŽ‡ä»… 10.41%                                                                                                                                                                                                    â”‚
â”‚                                â”‚ âŒ output_12.pdf å†…å®¹å‡†ç¡®çŽ‡ä»… 2.86%                                                                                                                                                                                                     â”‚
â”‚                                â”‚ âŒ output_13.pdf å†…å®¹å‡†ç¡®çŽ‡ä»… 10.34%                                                                                                                                                                                                    â”‚
â”‚                                â”‚ âŒ output_14.pdf å†…å®¹å‡†ç¡®çŽ‡ä»… 3.96%                                                                                                                                                                                                     â”‚
â”‚                                â”‚ âŒ output_15.pdf å†…å®¹å‡†ç¡®çŽ‡ä»… 31.70%                                                                                                                                                                                                    â”‚
â”‚                                â”‚ âŒ output_16.pdf å†…å®¹å‡†ç¡®çŽ‡ä»… 5.47%                                                                                                                                                                                                     â”‚
â”‚                                â”‚ âŒ output_17.pdf å†…å®¹å‡†ç¡®çŽ‡ä»… 9.39%                                                                                                                                                                                                     â”‚
â”‚                                â”‚ âŒ output_18.pdf å†…å®¹å‡†ç¡®çŽ‡ä»… 29.26%                                                                                                                                                                                                    â”‚
â”‚                                â”‚ âŒ output_19.pdf å†…å®¹å‡†ç¡®çŽ‡ä»… 66.67%                                                                                                                                                                                                    â”‚
â”‚ PyPDF2_03                      â”‚ âŒ å­—æ®µ /CreationDate ä¸åŒ¹é…ï¼šé¢„æµ‹æ˜¯ Noneï¼Œæ­£ç¡®æ˜¯ D:20061207105020Z00'00' âŒ å­—æ®µ /ModDate ä¸åŒ¹é…ï¼šé¢„æµ‹æ˜¯ Noneï¼Œæ­£ç¡®æ˜¯ D:20061211095545-05'00' âŒ å­—æ®µ /Producer ä¸åŒ¹é…ï¼šé¢„æµ‹æ˜¯ Noneï¼Œæ­£ç¡®æ˜¯ APStripFiles 1.8 Linux 7 SPDF_1082 Mar 26  â”‚
â”‚                                â”‚ 2003 âŒ å­—æ®µ /Title ä¸åŒ¹é…ï¼šé¢„æµ‹æ˜¯ Noneï¼Œæ­£ç¡®æ˜¯ 88300 162..177 âŒ å­—æ®µ /Creator ä¸åŒ¹é…ï¼šé¢„æµ‹æ˜¯ Noneï¼Œæ­£ç¡®æ˜¯ 3B2 Total Publishing System 7.51a/W âŒ å­—æ®µ /Changes ä¸åŒ¹é…ï¼šé¢„æµ‹æ˜¯ Noneï¼Œæ­£ç¡®æ˜¯ [IndirectObject(78, 0, 139730316163312),   â”‚
â”‚                                â”‚ IndirectObject(77, 0, 139730316163312)] âŒ å­—æ®µ /SPDF ä¸åŒ¹é…ï¼šé¢„æµ‹æ˜¯ Noneï¼Œæ­£ç¡®æ˜¯ 1082 ðŸŽ¯ å­—æ®µçº§å‡†ç¡®çŽ‡: 0.00% âŒ æµ‹è¯•æœªé€šè¿‡                                                                                                             â”‚
â”‚ Stegano_01                     â”‚ JSON indicates not processed. âŒ æ‰§è¡Œè¿‡ç¨‹ä¸­å‘ç”Ÿå¼‚å¸¸: Impossible to detect message.                                                                                                                                                      â”‚
â”‚ StyleTransfer_01               â”‚ LPIPS=0.7652 (>= 0.5 â†’ OK); HI=0.2775 (>= 0.7 â†’ FAIL)                                                                                                                                                                                   â”‚
â”‚ TransparentBackground_01       â”‚ åŽŸå›¾è‰²å½©ä¸°å¯Œåº¦: 71.40, ç»“æžœå›¾è‰²å½©ä¸°å¯Œåº¦: 71.40, å·®å€¼: 0.00, é˜ˆå€¼: 20.0                                                                                                                                                                  â”‚
â””â”€â”€â”€â”€â”€â”€â”€â”€â”€â”€â”€â”€â”€â”€â”€â”€â”€â”€â”€â”€â”€â”€â”€â”€â”€â”€â”€â”€â”€â”€â”€â”€â”´â”€â”€â”€â”€â”€â”€â”€â”€â”€â”€â”€â”€â”€â”€â”€â”€â”€â”€â”€â”€â”€â”€â”€â”€â”€â”€â”€â”€â”€â”€â”€â”€â”€â”€â”€â”€â”€â”€â”€â”€â”€â”€â”€â”€â”€â”€â”€â”€â”€â”€â”€â”€â”€â”€â”€â”€â”€â”€â”€â”€â”€â”€â”€â”€â”€â”€â”€â”€â”€â”€â”€â”€â”€â”€â”€â”€â”€â”€â”€â”€â”€â”€â”€â”€â”€â”€â”€â”€â”€â”€â”€â”€â”€â”€â”€â”€â”€â”€â”€â”€â”€â”€â”€â”€â”€â”€â”€â”€â”€â”€â”€â”€â”€â”€â”€â”€â”€â”€â”€â”€â”€â”€â”€â”€â”€â”€â”€â”€â”€â”€â”€â”€â”€â”€â”€â”€â”€â”€â”€â”€â”€â”€â”€â”€â”€â”€â”€â”€â”€â”€â”€â”€â”€â”€â”€â”€â”€â”€â”€â”€â”€â”€â”€â”€â”€â”€â”€â”€â”€â”€â”€â”€â”€â”€â”€â”€â”€â”€â”€â”€â”€â”€â”€â”€â”€â”€â”€â”€â”€â”€â”€â”€â”€â”€â”€â”€â”€â”€â”€â”€â”€â”€â”€â”€â”€â”€â”€â”€â”€â”€â”€â”€â”€â”€â”€â”€â”€â”€â”€â”€â”€â”€â”€â”€â”€â”€â”€â”€â”€â”€â”€â”€â”€â”˜
ðŸ’¾ Plain text summary report saved to: /data/data/agent_test_codebase/GitTaskBench/eval_automation/summary_report.txt
Script finished.
